<?xml version="1.0" encoding="UTF-8"?>
<!-- Generated by org.testng.reporters.JUnitXMLReporter -->
<testsuite hostname="LAPTOP-UBQPUFNI" name="Default test" tests="3" failures="0" timestamp="24 Feb 2025 18:29:48 GMT" time="0.077" errors="0">
  <testcase name="cartpage" time="0.026" classname="com.qa.testng.Basicsoftestnng"/>
  <testcase name="HomePage" time="0.01" classname="com.qa.testng.Basicsoftestnng"/>
  <testcase name="List" time="0.003" classname="com.qa.testng.Basicsoftestnng"/>
</testsuite> <!-- Default test -->
