<?xml version="1.0" encoding="UTF-8"?>
<!-- Generated by org.testng.reporters.JUnitXMLReporter -->
<testsuite hostname="LAPTOP-UBQPUFNI" name="Test" tests="2" failures="1" timestamp="2 Mar 2025 17:16:11 GMT" time="0.184" errors="0">
  <testcase name="verifyLogin" time="0.012" classname="testngfailedcases.Failedtestcases"/>
  <testcase name="verifyHomepage" time="0.008" classname="testngfailedcases.Failedtestcases">
    <failure type="java.lang.AssertionError" message="expected [true] but found [false]">
      <![CDATA[java.lang.AssertionError: expected [true] but found [false]
	at testngfailedcases.Failedtestcases.verifyHomepage(Failedtestcases.java:22)
... Removed 28 stack frames]]>
    </failure>
  </testcase> <!-- verifyHomepage -->
</testsuite> <!-- Test -->
