<?xml version="1.0" encoding="UTF-8"?>
<testng-results skipped="0" failed="0" total="2" passed="2">
  <reporter-output>
  </reporter-output>
  <suite name="Failed suite [Failed suite [Suite]]" duration-ms="389" started-at="2025-03-02T17:18:08Z" finished-at="2025-03-02T17:18:09Z">
    <groups>
    </groups>
    <test name="Test(failed)" duration-ms="255" started-at="2025-03-02T17:18:08Z" finished-at="2025-03-02T17:18:08Z">
      <class name="testngfailedcases.Failedtestcases">
        <test-method status="PASS" signature="setUP()[pri:0, instance:testngfailedcases.Failedtestcases@2acf57e3]" name="setUP" is-config="true" duration-ms="63" started-at="2025-03-02T22:48:08Z" finished-at="2025-03-02T22:48:08Z">
          <reporter-output>
          </reporter-output>
        </test-method> <!-- setUP -->
        <test-method status="PASS" signature="verifyHomepage()[pri:2, instance:testngfailedcases.Failedtestcases@2acf57e3]" name="verifyHomepage" duration-ms="27" started-at="2025-03-02T22:48:08Z" finished-at="2025-03-02T22:48:08Z">
          <reporter-output>
          </reporter-output>
        </test-method> <!-- verifyHomepage -->
        <test-method status="PASS" signature="tearDown()[pri:0, instance:testngfailedcases.Failedtestcases@2acf57e3]" name="tearDown" is-config="true" duration-ms="0" started-at="2025-03-02T22:48:08Z" finished-at="2025-03-02T22:48:08Z">
          <reporter-output>
          </reporter-output>
        </test-method> <!-- tearDown -->
      </class> <!-- testngfailedcases.Failedtestcases -->
    </test> <!-- Test(failed) -->
    <test name="Test(failed)(failed)" duration-ms="8" started-at="2025-03-02T17:18:08Z" finished-at="2025-03-02T17:18:09Z">
      <class name="testngfailedcases.Failedtestcases">
        <test-method status="PASS" signature="setUP()[pri:0, instance:testngfailedcases.Failedtestcases@3fb6a447]" name="setUP" is-config="true" duration-ms="1" started-at="2025-03-02T22:48:08Z" finished-at="2025-03-02T22:48:08Z">
          <reporter-output>
          </reporter-output>
        </test-method> <!-- setUP -->
        <test-method status="PASS" signature="verifyHomepage()[pri:2, instance:testngfailedcases.Failedtestcases@3fb6a447]" name="verifyHomepage" duration-ms="1" started-at="2025-03-02T22:48:08Z" finished-at="2025-03-02T22:48:08Z">
          <reporter-output>
          </reporter-output>
        </test-method> <!-- verifyHomepage -->
        <test-method status="PASS" signature="tearDown()[pri:0, instance:testngfailedcases.Failedtestcases@3fb6a447]" name="tearDown" is-config="true" duration-ms="2" started-at="2025-03-02T22:48:08Z" finished-at="2025-03-02T22:48:09Z">
          <reporter-output>
          </reporter-output>
        </test-method> <!-- tearDown -->
      </class> <!-- testngfailedcases.Failedtestcases -->
    </test> <!-- Test(failed)(failed) -->
  </suite> <!-- Failed suite [Failed suite [Suite]] -->
</testng-results>
